Exporter version: 6.4.6, Blender version: 2.91.0
========= Conversion from Blender to Babylon.js =========
	Scene settings used :
		Inline textures     :  false
		Material Type       :  PBR
		Positions Precision :  4
		Normals Precision   :  3
		UVs Precision       :  3
		Vert Color Precision:  3
		Mat Weight Precision:  2
		Keep Z-up r-handed  :  no
		Texture directory   :  /media/jacob/Storage/AustinSocial/austin-social/WIP/
	Python World class constructor completed
	WARNING: No active camera has been assigned, or is not in a currently selected Blender layer
	processing begun of mesh:  Human
		WARNING: No materials have been assigned: 
		num positions      :  2686
		num normals        :  2686
		num tangents       :  0
		num uvs            :  5372
		num uvs2           :  0
		num colors         :  0
		num triangles      :  5376
========= Writing of JSON file started =========
	writing mesh:  Human
========= Writing of JSON file completed =========
========= end of processing =========
elapsed time:  0 min, 0.1627 secs
